<?xml version="1.0" encoding="UTF-8"?>

<mule xmlns:http="http://www.mulesoft.org/schema/mule/http" xmlns="http://www.mulesoft.org/schema/mule/core"
	xmlns:doc="http://www.mulesoft.org/schema/mule/documentation"
	xmlns:xsi="http://www.w3.org/2001/XMLSchema-instance" xsi:schemaLocation="http://www.mulesoft.org/schema/mule/core http://www.mulesoft.org/schema/mule/core/current/mule.xsd
http://www.mulesoft.org/schema/mule/http http://www.mulesoft.org/schema/mule/http/current/mule-http.xsd">
	<http:listener-config name="HTTP_Listener_config" doc:name="HTTP Listener config" doc:id="3443dc06-77fd-4e97-ac75-c8f2aa37ed23" >
		<http:listener-connection host="0.0.0.0" port="${http.port}" />
	</http:listener-config>
	<flow name="test-cicdFlow" doc:id="cabacd35-555b-45e0-a01f-aa61ee0c291e" >
		<http:listener doc:name="Listener" doc:id="cc03af0e-ca34-4947-900c-ca8ec141497e" config-ref="HTTP_Listener_config" path="/test"/>
		<logger level="INFO" doc:name="Logger" doc:id="e51ce814-2404-40cb-b93c-bcea6934f2f0" message='"Success"'/>
	</flow>
</mule>
